2025-05-21 18:40:18,231 - INFO - ------------------------------
new log------------------------------
2025-05-21 18:40:18,232 - INFO - Начало выполнения скрипта
2025-05-21 18:40:18,234 - INFO - Файл Task2ini.txt найден. Чтение параметров...
2025-05-21 18:40:18,235 - INFO - Используемые параметры:
2025-05-21 18:40:18,236 - INFO -   repo_url = https://github.com/OnotoleChel/WBAuto
2025-05-21 18:40:18,237 - INFO -   src_path = src/app
2025-05-21 18:40:18,238 - INFO -   version  = 25.3000
2025-05-21 18:40:18,239 - INFO - Клонирование репозитория https://github.com/OnotoleChel/WBAuto
2025-05-21 18:40:19,827 - INFO - Репозиторий успешно клонирован в repo_clone
2025-05-21 18:40:19,829 - INFO - Переход в директорию repo_clone
2025-05-21 18:40:19,830 - INFO - Обработка части пути: src/app
2025-05-21 18:40:19,832 - INFO - Удаление директории C:\Pyth\TenTes\repo_clone\.git
2025-05-21 18:40:19,845 - ERROR - !ERROR! Ошибка удаления C:\Pyth\TenTes\repo_clone\.git: [WinError 5] Отказано в доступе: 'C:\\Pyth\\TenTes\\repo_clone\\.git\\objects\\pack\\pack-bf035f3855e9ff09540f93f8eb06d4e3b149e716.idx'
2025-05-21 18:46:03,971 - INFO - ------------------------------
new log------------------------------
2025-05-21 18:46:03,971 - INFO - Начало выполнения скрипта
2025-05-21 18:46:03,974 - INFO - Файл Task2ini.txt найден. Чтение параметров...
2025-05-21 18:46:03,977 - INFO - Используемые параметры:
2025-05-21 18:46:03,978 - INFO -   repo_url = https://github.com/OnotoleChel/WBAuto
2025-05-21 18:46:03,979 - INFO -   src_path = src/app
2025-05-21 18:46:03,980 - INFO -   version  = 25.3000
2025-05-21 18:46:03,981 - INFO - Клонирование репозитория https://github.com/OnotoleChel/WBAuto
2025-05-21 18:46:05,051 - INFO - Репозиторий успешно клонирован в repo_clone
2025-05-21 18:46:05,052 - INFO - Переход в директорию repo_clone
2025-05-21 18:46:05,055 - INFO - Обработка части пути: src/app
2025-05-21 18:46:05,055 - INFO - Удаление директории C:\Pyth\TenTes\repo_clone\.git
2025-05-21 18:46:05,070 - INFO - Удаление файла C:\Pyth\TenTes\repo_clone\edge_system_checker.py
2025-05-21 18:46:05,071 - INFO - Удаление файла C:\Pyth\TenTes\repo_clone\logger_module.py
2025-05-21 18:46:05,072 - INFO - Удаление файла C:\Pyth\TenTes\repo_clone\main.py
2025-05-21 18:46:05,073 - INFO - Удаление файла C:\Pyth\TenTes\repo_clone\README.md
2025-05-21 18:46:05,074 - ERROR - !ERROR! Не удалось перейти в директорию src/app: [WinError 3] Системе не удается найти указанный путь: 'src/app'
